<?xml version="1.0" encoding="UTF-8"?>
<!-- Generated by org.testng.reporters.JUnitXMLReporter -->
<testsuite hostname="LAPTOP-HG1G303S" ignored="0" name="用户管理系统测试用例" tests="6" failures="0" timestamp="2020-04-04T23:19:06 CST" time="9.212" errors="0">
  <testcase name="loginTrue" time="0.42" classname="com.course.cases.LoginTest"/>
  <testcase name="loginFalse" time="0.042" classname="com.course.cases.LoginTest"/>
  <testcase name="addUser" time="2.14" classname="com.course.cases.AddUserTest"/>
  <testcase name="getUserListInfo" time="2.129" classname="com.course.cases.GetUserInfoListTest"/>
  <testcase name="getUserInfo" time="1.534" classname="com.course.cases.GetUserInfoTest"/>
  <testcase name="updateUserInfo" time="2.291" classname="com.course.cases.UpdateUserInfoTest"/>
</testsuite> <!-- 用户管理系统测试用例 -->
