<?xml version="1.0" encoding="UTF-8"?>
<testsuite xmlns:xsi="http://www.w3.org/2001/XMLSchema-instance" xsi:noNamespaceSchemaLocation="https://maven.apache.org/surefire/maven-surefire-plugin/xsd/surefire-test-report.xsd" name="TestSuite" time="10.234" tests="6" errors="0" skipped="0" failures="0">
  <properties>
[...]
</properties>
  <testcase name="loginTrue" classname="com.course.cases.LoginTest" time="0.42"/>
  <testcase name="loginFalse" classname="com.course.cases.LoginTest" time="0.037"/>
  <testcase name="addUser" classname="com.course.cases.AddUserTest" time="2.14"/>
  <testcase name="getUserListInfo" classname="com.course.cases.GetUserInfoListTest" time="2.134"/>
  <testcase name="getUserInfo" classname="com.course.cases.GetUserInfoTest" time="1.559"/>
  <testcase name="updateUserInfo" classname="com.course.cases.UpdateUserInfoTest" time="2.277"/>
</testsuite>