<?xml version="1.0" encoding="UTF-8"?>
<testng-results skipped="0" failed="0" ignored="0" total="6" passed="6">
  <reporter-output>
  </reporter-output>
  <suite name="用户管理系统测试套件" duration-ms="9212" started-at="2020-04-04T23:18:57 CST" finished-at="2020-04-04T23:19:06 CST">
    <groups>
      <group name="loginTrue">
        <method signature="LoginTest.loginTrue()[pri:0, instance:com.course.cases.LoginTest@76707e36]" name="loginTrue" class="com.course.cases.LoginTest"/>
      </group> <!-- loginTrue -->
    </groups>
    <test name="用户管理系统测试用例" duration-ms="9212" started-at="2020-04-04T23:18:57 CST" finished-at="2020-04-04T23:19:06 CST">
      <class name="com.course.cases.UpdateUserInfoTest">
        <test-method status="PASS" signature="updateUserInfo()[pri:0, instance:com.course.cases.UpdateUserInfoTest@1c3a4799]" name="updateUserInfo" duration-ms="2291" depends-on-groups="loginTrue" started-at="2020-04-04T23:19:04 CST" description="更改用户信息" finished-at="2020-04-04T23:19:06 CST">
          <reporter-output>
          </reporter-output>
        </test-method> <!-- updateUserInfo -->
      </class> <!-- com.course.cases.UpdateUserInfoTest -->
      <class name="com.course.cases.LoginTest">
        <test-method status="PASS" signature="beforeTest()[pri:0, instance:com.course.cases.LoginTest@76707e36]" name="beforeTest" is-config="true" duration-ms="615" started-at="2020-04-04T23:18:57 CST" description="测试准备工作,获取HttpClient对象" finished-at="2020-04-04T23:18:58 CST">
          <reporter-output>
          </reporter-output>
        </test-method> <!-- beforeTest -->
        <test-method status="PASS" signature="loginTrue()[pri:0, instance:com.course.cases.LoginTest@76707e36]" name="loginTrue" duration-ms="420" started-at="2020-04-04T23:18:58 CST" description="用户成功登录接口" finished-at="2020-04-04T23:18:58 CST">
          <reporter-output>
          </reporter-output>
        </test-method> <!-- loginTrue -->
        <test-method status="PASS" signature="loginFalse()[pri:0, instance:com.course.cases.LoginTest@76707e36]" name="loginFalse" duration-ms="42" started-at="2020-04-04T23:18:58 CST" description="用户登录失败接口" finished-at="2020-04-04T23:18:58 CST">
          <reporter-output>
          </reporter-output>
        </test-method> <!-- loginFalse -->
      </class> <!-- com.course.cases.LoginTest -->
      <class name="com.course.cases.GetUserInfoTest">
        <test-method status="PASS" signature="getUserInfo()[pri:0, instance:com.course.cases.GetUserInfoTest@694e1548]" name="getUserInfo" duration-ms="1534" depends-on-groups="loginTrue" started-at="2020-04-04T23:19:03 CST" description="获取user id为1的用户信息" finished-at="2020-04-04T23:19:04 CST">
          <reporter-output>
          </reporter-output>
        </test-method> <!-- getUserInfo -->
      </class> <!-- com.course.cases.GetUserInfoTest -->
      <class name="com.course.cases.AddUserTest">
        <test-method status="PASS" signature="addUser()[pri:0, instance:com.course.cases.AddUserTest@614ddd49]" name="addUser" duration-ms="2140" depends-on-groups="loginTrue" started-at="2020-04-04T23:18:58 CST" description="添加用户接口" finished-at="2020-04-04T23:19:00 CST">
          <reporter-output>
          </reporter-output>
        </test-method> <!-- addUser -->
      </class> <!-- com.course.cases.AddUserTest -->
      <class name="com.course.cases.GetUserInfoListTest">
        <test-method status="PASS" signature="getUserListInfo()[pri:0, instance:com.course.cases.GetUserInfoListTest@1f554b06]" name="getUserListInfo" duration-ms="2129" depends-on-groups="loginTrue" started-at="2020-04-04T23:19:00 CST" description="获取性别为&#039;男&#039;的用户信息" finished-at="2020-04-04T23:19:03 CST">
          <reporter-output>
          </reporter-output>
        </test-method> <!-- getUserListInfo -->
      </class> <!-- com.course.cases.GetUserInfoListTest -->
    </test> <!-- 用户管理系统测试用例 -->
  </suite> <!-- 用户管理系统测试套件 -->
</testng-results>
